2023-04-19 16:09:43,915 INFO o.a.j.u.JMeterUtils: Setting Locale to en_EN
2023-04-19 16:09:43,950 INFO o.a.j.JMeter: Loading user properties from: user.properties
2023-04-19 16:09:43,951 INFO o.a.j.JMeter: Loading system properties from: system.properties
2023-04-19 16:09:43,972 INFO o.a.j.JMeter: Copyright (c) 1998-2022 The Apache Software Foundation
2023-04-19 16:09:43,972 INFO o.a.j.JMeter: Version 5.5
2023-04-19 16:09:43,972 INFO o.a.j.JMeter: java.version=17.0.1
2023-04-19 16:09:43,972 INFO o.a.j.JMeter: java.vm.name=Java HotSpot(TM) 64-Bit Server VM
2023-04-19 16:09:43,972 INFO o.a.j.JMeter: os.name=Windows 10
2023-04-19 16:09:43,972 INFO o.a.j.JMeter: os.arch=amd64
2023-04-19 16:09:43,972 INFO o.a.j.JMeter: os.version=10.0
2023-04-19 16:09:43,973 INFO o.a.j.JMeter: file.encoding=Cp1252
2023-04-19 16:09:43,973 INFO o.a.j.JMeter: java.awt.headless=null
2023-04-19 16:09:43,973 INFO o.a.j.JMeter: Max memory     =1073741824
2023-04-19 16:09:43,973 INFO o.a.j.JMeter: Available Processors =8
2023-04-19 16:09:43,993 INFO o.a.j.JMeter: Default Locale=English (EN)
2023-04-19 16:09:43,993 INFO o.a.j.JMeter: JMeter  Locale=English (EN)
2023-04-19 16:09:43,993 INFO o.a.j.JMeter: JMeterHome=C:\Users\akhandekar\Desktop\MyProject\Microservices\apache-jmeter-5.5\apache-jmeter-5.5
2023-04-19 16:09:43,993 INFO o.a.j.JMeter: user.dir  =C:\Users\akhandekar\Desktop\MyProject\Microservices\apache-jmeter-5.5\apache-jmeter-5.5\bin
2023-04-19 16:09:43,994 INFO o.a.j.JMeter: PWD       =C:\Users\akhandekar\Desktop\MyProject\Microservices\apache-jmeter-5.5\apache-jmeter-5.5\bin
2023-04-19 16:09:43,995 INFO o.a.j.JMeter: IP: 10.188.205.49 Name: HSC-PG01L5LS FullName: HSC-PG01L5LS.allegisgroup.com
2023-04-19 16:09:44,004 INFO o.a.j.JMeter: Loaded icon properties from org/apache/jmeter/images/icon.properties
2023-04-19 16:09:44,910 INFO o.a.j.JMeterGuiLauncher: Setting LAF to: com.github.weisj.darklaf.DarkLaf:com.github.weisj.darklaf.theme.DarculaTheme
2023-04-19 16:11:59,858 INFO o.a.j.p.h.s.HTTPSamplerBase: Parser for text/html is org.apache.jmeter.protocol.http.parser.LagartoBasedHtmlParser
2023-04-19 16:11:59,858 INFO o.a.j.p.h.s.HTTPSamplerBase: Parser for application/xhtml+xml is org.apache.jmeter.protocol.http.parser.LagartoBasedHtmlParser
2023-04-19 16:11:59,859 INFO o.a.j.p.h.s.HTTPSamplerBase: Parser for application/xml is org.apache.jmeter.protocol.http.parser.LagartoBasedHtmlParser
2023-04-19 16:11:59,859 INFO o.a.j.p.h.s.HTTPSamplerBase: Parser for text/xml is org.apache.jmeter.protocol.http.parser.LagartoBasedHtmlParser
2023-04-19 16:11:59,859 INFO o.a.j.p.h.s.HTTPSamplerBase: Parser for text/vnd.wap.wml is org.apache.jmeter.protocol.http.parser.RegexpHTMLParser
2023-04-19 16:11:59,859 INFO o.a.j.p.h.s.HTTPSamplerBase: Parser for text/css is org.apache.jmeter.protocol.http.parser.CssParser
2023-04-19 16:13:29,014 INFO o.a.j.s.SampleResult: Note: Sample TimeStamps are START times
2023-04-19 16:13:29,015 INFO o.a.j.s.SampleResult: sampleresult.default.encoding is set to ISO-8859-1
2023-04-19 16:13:29,015 INFO o.a.j.s.SampleResult: sampleresult.useNanoTime=true
2023-04-19 16:13:29,015 INFO o.a.j.s.SampleResult: sampleresult.nanoThreadSleep=5000
2023-04-19 16:13:29,194 INFO o.a.j.v.ViewResultsFullVisualizer: Add JavaFX to your Java installation if you want to use renderer: org.apache.jmeter.visualizers.RenderInBrowser
2023-04-19 16:14:08,267 INFO o.a.j.s.FileServer: Default base='C:\Users\akhandekar\Desktop\MyProject\Microservices\apache-jmeter-5.5\apache-jmeter-5.5\bin'
2023-04-19 16:14:08,270 INFO o.a.j.s.FileServer: Set new base='C:\Users\akhandekar\Desktop\MyProject\Microservices'
2023-04-19 16:14:08,531 INFO o.a.j.s.SaveService: Testplan (JMX) version: 2.2. Testlog (JTL) version: 2.2
2023-04-19 16:14:08,576 INFO o.a.j.s.SaveService: Using SaveService properties version 5.0
2023-04-19 16:14:08,580 INFO o.a.j.s.SaveService: Using SaveService properties file encoding UTF-8
2023-04-19 16:14:08,623 INFO o.a.j.e.StandardJMeterEngine: Running the test!
2023-04-19 16:14:08,625 INFO o.a.j.s.SampleEvent: List of sample_variables: []
2023-04-19 16:14:08,625 INFO o.a.j.s.SampleEvent: List of sample_variables: []
2023-04-19 16:14:08,627 INFO o.a.j.e.u.CompoundVariable: Note: Function class names must contain the string: '.functions.'
2023-04-19 16:14:08,627 INFO o.a.j.e.u.CompoundVariable: Note: Function class names must not contain the string: '.gui.'
2023-04-19 16:14:08,686 INFO o.a.j.g.u.JMeterMenuBar: setRunning(true, *local*)
2023-04-19 16:14:08,717 INFO o.a.j.e.StandardJMeterEngine: Starting ThreadGroup: 1 : Thread Group
2023-04-19 16:14:08,717 INFO o.a.j.e.StandardJMeterEngine: Starting 15 threads for group Thread Group.
2023-04-19 16:14:08,718 INFO o.a.j.e.StandardJMeterEngine: Thread will continue on error
2023-04-19 16:14:08,718 INFO o.a.j.t.ThreadGroup: Starting thread group... number=1 threads=15 ramp-up=1 delayedStart=false
2023-04-19 16:14:08,722 INFO o.a.j.t.JMeterThread: Thread started: Thread Group 1-1
2023-04-19 16:14:08,730 INFO o.a.j.t.ThreadGroup: Started thread group number 1
2023-04-19 16:14:08,730 INFO o.a.j.e.StandardJMeterEngine: All thread groups have been started
2023-04-19 16:14:08,746 INFO o.a.j.p.h.s.HTTPHCAbstractImpl: Local host = HSC-PG01L5LS
2023-04-19 16:14:08,760 INFO o.a.j.p.h.s.HTTPHC4Impl: HTTP request retry count = 0
2023-04-19 16:14:08,787 INFO o.a.j.t.JMeterThread: Thread started: Thread Group 1-2
2023-04-19 16:14:08,856 INFO o.a.j.t.JMeterThread: Thread started: Thread Group 1-3
2023-04-19 16:14:08,881 INFO o.a.j.t.JMeterThread: Thread is done: Thread Group 1-1
2023-04-19 16:14:08,881 INFO o.a.j.t.JMeterThread: Thread is done: Thread Group 1-2
2023-04-19 16:14:08,881 INFO o.a.j.t.JMeterThread: Thread finished: Thread Group 1-1
2023-04-19 16:14:08,881 INFO o.a.j.t.JMeterThread: Thread is done: Thread Group 1-3
2023-04-19 16:14:08,881 INFO o.a.j.t.JMeterThread: Thread finished: Thread Group 1-2
2023-04-19 16:14:08,881 INFO o.a.j.t.JMeterThread: Thread finished: Thread Group 1-3
2023-04-19 16:14:08,924 INFO o.a.j.t.JMeterThread: Thread started: Thread Group 1-4
2023-04-19 16:14:08,925 INFO o.a.j.t.JMeterThread: Thread is done: Thread Group 1-4
2023-04-19 16:14:08,926 INFO o.a.j.t.JMeterThread: Thread finished: Thread Group 1-4
2023-04-19 16:14:08,989 INFO o.a.j.t.JMeterThread: Thread started: Thread Group 1-5
2023-04-19 16:14:08,992 INFO o.a.j.t.JMeterThread: Thread is done: Thread Group 1-5
2023-04-19 16:14:08,992 INFO o.a.j.t.JMeterThread: Thread finished: Thread Group 1-5
2023-04-19 16:14:09,056 INFO o.a.j.t.JMeterThread: Thread started: Thread Group 1-6
2023-04-19 16:14:09,057 INFO o.a.j.t.JMeterThread: Thread is done: Thread Group 1-6
2023-04-19 16:14:09,057 INFO o.a.j.t.JMeterThread: Thread finished: Thread Group 1-6
2023-04-19 16:14:09,122 INFO o.a.j.t.JMeterThread: Thread started: Thread Group 1-7
2023-04-19 16:14:09,124 INFO o.a.j.t.JMeterThread: Thread is done: Thread Group 1-7
2023-04-19 16:14:09,125 INFO o.a.j.t.JMeterThread: Thread finished: Thread Group 1-7
2023-04-19 16:14:09,189 INFO o.a.j.t.JMeterThread: Thread started: Thread Group 1-8
2023-04-19 16:14:09,192 INFO o.a.j.t.JMeterThread: Thread is done: Thread Group 1-8
2023-04-19 16:14:09,192 INFO o.a.j.t.JMeterThread: Thread finished: Thread Group 1-8
2023-04-19 16:14:09,257 INFO o.a.j.t.JMeterThread: Thread started: Thread Group 1-9
2023-04-19 16:14:09,259 INFO o.a.j.t.JMeterThread: Thread is done: Thread Group 1-9
2023-04-19 16:14:09,259 INFO o.a.j.t.JMeterThread: Thread finished: Thread Group 1-9
2023-04-19 16:14:09,325 INFO o.a.j.t.JMeterThread: Thread started: Thread Group 1-10
2023-04-19 16:14:09,326 INFO o.a.j.t.JMeterThread: Thread is done: Thread Group 1-10
2023-04-19 16:14:09,326 INFO o.a.j.t.JMeterThread: Thread finished: Thread Group 1-10
2023-04-19 16:14:09,391 INFO o.a.j.t.JMeterThread: Thread started: Thread Group 1-11
2023-04-19 16:14:09,392 INFO o.a.j.t.JMeterThread: Thread is done: Thread Group 1-11
2023-04-19 16:14:09,392 INFO o.a.j.t.JMeterThread: Thread finished: Thread Group 1-11
2023-04-19 16:14:09,458 INFO o.a.j.t.JMeterThread: Thread started: Thread Group 1-12
2023-04-19 16:14:09,461 INFO o.a.j.t.JMeterThread: Thread is done: Thread Group 1-12
2023-04-19 16:14:09,461 INFO o.a.j.t.JMeterThread: Thread finished: Thread Group 1-12
2023-04-19 16:14:09,527 INFO o.a.j.t.JMeterThread: Thread started: Thread Group 1-13
2023-04-19 16:14:09,529 INFO o.a.j.t.JMeterThread: Thread is done: Thread Group 1-13
2023-04-19 16:14:09,529 INFO o.a.j.t.JMeterThread: Thread finished: Thread Group 1-13
2023-04-19 16:14:09,592 INFO o.a.j.t.JMeterThread: Thread started: Thread Group 1-14
2023-04-19 16:14:09,598 INFO o.a.j.t.JMeterThread: Thread is done: Thread Group 1-14
2023-04-19 16:14:09,598 INFO o.a.j.t.JMeterThread: Thread finished: Thread Group 1-14
2023-04-19 16:14:09,659 INFO o.a.j.t.JMeterThread: Thread started: Thread Group 1-15
2023-04-19 16:14:09,681 INFO o.a.j.t.JMeterThread: Thread is done: Thread Group 1-15
2023-04-19 16:14:09,682 INFO o.a.j.t.JMeterThread: Thread finished: Thread Group 1-15
2023-04-19 16:14:09,684 INFO o.a.j.e.StandardJMeterEngine: Notifying test listeners of end of test
2023-04-19 16:14:09,684 INFO o.a.j.g.u.JMeterMenuBar: setRunning(false, *local*)
2023-04-19 16:16:32,323 INFO o.a.j.e.StandardJMeterEngine: Running the test!
2023-04-19 16:16:32,324 INFO o.a.j.s.SampleEvent: List of sample_variables: []
2023-04-19 16:16:32,326 INFO o.a.j.g.u.JMeterMenuBar: setRunning(true, *local*)
2023-04-19 16:16:32,356 INFO o.a.j.e.StandardJMeterEngine: Starting ThreadGroup: 1 : Thread Group
2023-04-19 16:16:32,357 INFO o.a.j.e.StandardJMeterEngine: Starting 15 threads for group Thread Group.
2023-04-19 16:16:32,357 INFO o.a.j.e.StandardJMeterEngine: Thread will continue on error
2023-04-19 16:16:32,357 INFO o.a.j.t.ThreadGroup: Starting thread group... number=1 threads=15 ramp-up=1 delayedStart=false
2023-04-19 16:16:32,359 INFO o.a.j.t.JMeterThread: Thread started: Thread Group 1-1
2023-04-19 16:16:32,360 INFO o.a.j.t.JMeterThread: Thread is done: Thread Group 1-1
2023-04-19 16:16:32,361 INFO o.a.j.t.JMeterThread: Thread finished: Thread Group 1-1
2023-04-19 16:16:32,363 INFO o.a.j.t.ThreadGroup: Started thread group number 1
2023-04-19 16:16:32,363 INFO o.a.j.e.StandardJMeterEngine: All thread groups have been started
2023-04-19 16:16:32,429 INFO o.a.j.t.JMeterThread: Thread started: Thread Group 1-2
2023-04-19 16:16:32,430 INFO o.a.j.t.JMeterThread: Thread is done: Thread Group 1-2
2023-04-19 16:16:32,431 INFO o.a.j.t.JMeterThread: Thread finished: Thread Group 1-2
2023-04-19 16:16:32,496 INFO o.a.j.t.JMeterThread: Thread started: Thread Group 1-3
2023-04-19 16:16:32,499 INFO o.a.j.t.JMeterThread: Thread is done: Thread Group 1-3
2023-04-19 16:16:32,499 INFO o.a.j.t.JMeterThread: Thread finished: Thread Group 1-3
2023-04-19 16:16:32,563 INFO o.a.j.t.JMeterThread: Thread started: Thread Group 1-4
2023-04-19 16:16:32,566 INFO o.a.j.t.JMeterThread: Thread is done: Thread Group 1-4
2023-04-19 16:16:32,566 INFO o.a.j.t.JMeterThread: Thread finished: Thread Group 1-4
2023-04-19 16:16:32,630 INFO o.a.j.t.JMeterThread: Thread started: Thread Group 1-5
2023-04-19 16:16:32,633 INFO o.a.j.t.JMeterThread: Thread is done: Thread Group 1-5
2023-04-19 16:16:32,634 INFO o.a.j.t.JMeterThread: Thread finished: Thread Group 1-5
2023-04-19 16:16:32,698 INFO o.a.j.t.JMeterThread: Thread started: Thread Group 1-6
2023-04-19 16:16:32,700 INFO o.a.j.t.JMeterThread: Thread is done: Thread Group 1-6
2023-04-19 16:16:32,701 INFO o.a.j.t.JMeterThread: Thread finished: Thread Group 1-6
2023-04-19 16:16:32,767 INFO o.a.j.t.JMeterThread: Thread started: Thread Group 1-7
2023-04-19 16:16:32,771 INFO o.a.j.t.JMeterThread: Thread is done: Thread Group 1-7
2023-04-19 16:16:32,771 INFO o.a.j.t.JMeterThread: Thread finished: Thread Group 1-7
2023-04-19 16:16:32,832 INFO o.a.j.t.JMeterThread: Thread started: Thread Group 1-8
2023-04-19 16:16:32,835 INFO o.a.j.t.JMeterThread: Thread is done: Thread Group 1-8
2023-04-19 16:16:32,835 INFO o.a.j.t.JMeterThread: Thread finished: Thread Group 1-8
2023-04-19 16:16:32,899 INFO o.a.j.t.JMeterThread: Thread started: Thread Group 1-9
2023-04-19 16:16:32,902 INFO o.a.j.t.JMeterThread: Thread is done: Thread Group 1-9
2023-04-19 16:16:32,902 INFO o.a.j.t.JMeterThread: Thread finished: Thread Group 1-9
2023-04-19 16:16:32,965 INFO o.a.j.t.JMeterThread: Thread started: Thread Group 1-10
2023-04-19 16:16:32,967 INFO o.a.j.t.JMeterThread: Thread is done: Thread Group 1-10
2023-04-19 16:16:32,968 INFO o.a.j.t.JMeterThread: Thread finished: Thread Group 1-10
2023-04-19 16:16:33,030 INFO o.a.j.t.JMeterThread: Thread started: Thread Group 1-11
2023-04-19 16:16:33,032 INFO o.a.j.t.JMeterThread: Thread is done: Thread Group 1-11
2023-04-19 16:16:33,032 INFO o.a.j.t.JMeterThread: Thread finished: Thread Group 1-11
2023-04-19 16:16:33,099 INFO o.a.j.t.JMeterThread: Thread started: Thread Group 1-12
2023-04-19 16:16:33,101 INFO o.a.j.t.JMeterThread: Thread is done: Thread Group 1-12
2023-04-19 16:16:33,101 INFO o.a.j.t.JMeterThread: Thread finished: Thread Group 1-12
2023-04-19 16:16:33,166 INFO o.a.j.t.JMeterThread: Thread started: Thread Group 1-13
2023-04-19 16:16:33,168 INFO o.a.j.t.JMeterThread: Thread is done: Thread Group 1-13
2023-04-19 16:16:33,168 INFO o.a.j.t.JMeterThread: Thread finished: Thread Group 1-13
2023-04-19 16:16:33,235 INFO o.a.j.t.JMeterThread: Thread started: Thread Group 1-14
2023-04-19 16:16:33,237 INFO o.a.j.t.JMeterThread: Thread is done: Thread Group 1-14
2023-04-19 16:16:33,238 INFO o.a.j.t.JMeterThread: Thread finished: Thread Group 1-14
2023-04-19 16:16:33,299 INFO o.a.j.t.JMeterThread: Thread started: Thread Group 1-15
2023-04-19 16:16:33,303 INFO o.a.j.t.JMeterThread: Thread is done: Thread Group 1-15
2023-04-19 16:16:33,303 INFO o.a.j.t.JMeterThread: Thread finished: Thread Group 1-15
2023-04-19 16:16:33,304 INFO o.a.j.e.StandardJMeterEngine: Notifying test listeners of end of test
2023-04-19 16:16:33,304 INFO o.a.j.g.u.JMeterMenuBar: setRunning(false, *local*)
2023-04-19 16:17:03,964 INFO o.a.j.e.StandardJMeterEngine: Running the test!
2023-04-19 16:17:03,965 INFO o.a.j.s.SampleEvent: List of sample_variables: []
2023-04-19 16:17:03,965 INFO o.a.j.g.u.JMeterMenuBar: setRunning(true, *local*)
2023-04-19 16:17:03,997 INFO o.a.j.e.StandardJMeterEngine: Starting ThreadGroup: 1 : Thread Group
2023-04-19 16:17:03,998 INFO o.a.j.e.StandardJMeterEngine: Starting 15 threads for group Thread Group.
2023-04-19 16:17:03,998 INFO o.a.j.e.StandardJMeterEngine: Thread will continue on error
2023-04-19 16:17:03,998 INFO o.a.j.t.ThreadGroup: Starting thread group... number=1 threads=15 ramp-up=1 delayedStart=false
2023-04-19 16:17:03,999 INFO o.a.j.t.JMeterThread: Thread started: Thread Group 1-1
2023-04-19 16:17:04,002 INFO o.a.j.t.JMeterThread: Thread is done: Thread Group 1-1
2023-04-19 16:17:04,002 INFO o.a.j.t.JMeterThread: Thread finished: Thread Group 1-1
2023-04-19 16:17:04,004 INFO o.a.j.t.ThreadGroup: Started thread group number 1
2023-04-19 16:17:04,004 INFO o.a.j.e.StandardJMeterEngine: All thread groups have been started
2023-04-19 16:17:04,070 INFO o.a.j.t.JMeterThread: Thread started: Thread Group 1-2
2023-04-19 16:17:04,072 INFO o.a.j.t.JMeterThread: Thread is done: Thread Group 1-2
2023-04-19 16:17:04,072 INFO o.a.j.t.JMeterThread: Thread finished: Thread Group 1-2
2023-04-19 16:17:04,136 INFO o.a.j.t.JMeterThread: Thread started: Thread Group 1-3
2023-04-19 16:17:04,140 INFO o.a.j.t.JMeterThread: Thread is done: Thread Group 1-3
2023-04-19 16:17:04,140 INFO o.a.j.t.JMeterThread: Thread finished: Thread Group 1-3
2023-04-19 16:17:04,205 INFO o.a.j.t.JMeterThread: Thread started: Thread Group 1-4
2023-04-19 16:17:04,209 INFO o.a.j.t.JMeterThread: Thread is done: Thread Group 1-4
2023-04-19 16:17:04,209 INFO o.a.j.t.JMeterThread: Thread finished: Thread Group 1-4
2023-04-19 16:17:04,269 INFO o.a.j.t.JMeterThread: Thread started: Thread Group 1-5
2023-04-19 16:17:04,271 INFO o.a.j.t.JMeterThread: Thread is done: Thread Group 1-5
2023-04-19 16:17:04,271 INFO o.a.j.t.JMeterThread: Thread finished: Thread Group 1-5
2023-04-19 16:17:04,337 INFO o.a.j.t.JMeterThread: Thread started: Thread Group 1-6
2023-04-19 16:17:04,339 INFO o.a.j.t.JMeterThread: Thread is done: Thread Group 1-6
2023-04-19 16:17:04,339 INFO o.a.j.t.JMeterThread: Thread finished: Thread Group 1-6
2023-04-19 16:17:04,405 INFO o.a.j.t.JMeterThread: Thread started: Thread Group 1-7
2023-04-19 16:17:04,406 INFO o.a.j.t.JMeterThread: Thread is done: Thread Group 1-7
2023-04-19 16:17:04,406 INFO o.a.j.t.JMeterThread: Thread finished: Thread Group 1-7
2023-04-19 16:17:04,469 INFO o.a.j.t.JMeterThread: Thread started: Thread Group 1-8
2023-04-19 16:17:04,472 INFO o.a.j.t.JMeterThread: Thread is done: Thread Group 1-8
2023-04-19 16:17:04,472 INFO o.a.j.t.JMeterThread: Thread finished: Thread Group 1-8
2023-04-19 16:17:04,536 INFO o.a.j.t.JMeterThread: Thread started: Thread Group 1-9
2023-04-19 16:17:04,538 INFO o.a.j.t.JMeterThread: Thread is done: Thread Group 1-9
2023-04-19 16:17:04,538 INFO o.a.j.t.JMeterThread: Thread finished: Thread Group 1-9
2023-04-19 16:17:04,603 INFO o.a.j.t.JMeterThread: Thread started: Thread Group 1-10
2023-04-19 16:17:04,607 INFO o.a.j.t.JMeterThread: Thread is done: Thread Group 1-10
2023-04-19 16:17:04,608 INFO o.a.j.t.JMeterThread: Thread finished: Thread Group 1-10
2023-04-19 16:17:04,671 INFO o.a.j.t.JMeterThread: Thread started: Thread Group 1-11
2023-04-19 16:17:04,674 INFO o.a.j.t.JMeterThread: Thread is done: Thread Group 1-11
2023-04-19 16:17:04,674 INFO o.a.j.t.JMeterThread: Thread finished: Thread Group 1-11
2023-04-19 16:17:04,737 INFO o.a.j.t.JMeterThread: Thread started: Thread Group 1-12
2023-04-19 16:17:04,741 INFO o.a.j.t.JMeterThread: Thread is done: Thread Group 1-12
2023-04-19 16:17:04,741 INFO o.a.j.t.JMeterThread: Thread finished: Thread Group 1-12
2023-04-19 16:17:04,804 INFO o.a.j.t.JMeterThread: Thread started: Thread Group 1-13
2023-04-19 16:17:04,807 INFO o.a.j.t.JMeterThread: Thread is done: Thread Group 1-13
2023-04-19 16:17:04,807 INFO o.a.j.t.JMeterThread: Thread finished: Thread Group 1-13
2023-04-19 16:17:04,871 INFO o.a.j.t.JMeterThread: Thread started: Thread Group 1-14
2023-04-19 16:17:04,874 INFO o.a.j.t.JMeterThread: Thread is done: Thread Group 1-14
2023-04-19 16:17:04,874 INFO o.a.j.t.JMeterThread: Thread finished: Thread Group 1-14
2023-04-19 16:17:04,937 INFO o.a.j.t.JMeterThread: Thread started: Thread Group 1-15
2023-04-19 16:17:04,941 INFO o.a.j.t.JMeterThread: Thread is done: Thread Group 1-15
2023-04-19 16:17:04,941 INFO o.a.j.t.JMeterThread: Thread finished: Thread Group 1-15
2023-04-19 16:17:04,941 INFO o.a.j.e.StandardJMeterEngine: Notifying test listeners of end of test
2023-04-19 16:17:04,941 INFO o.a.j.g.u.JMeterMenuBar: setRunning(false, *local*)
2023-04-19 16:17:16,771 INFO o.a.j.e.StandardJMeterEngine: Running the test!
2023-04-19 16:17:16,772 INFO o.a.j.s.SampleEvent: List of sample_variables: []
2023-04-19 16:17:16,774 INFO o.a.j.g.u.JMeterMenuBar: setRunning(true, *local*)
2023-04-19 16:17:16,781 INFO o.a.j.e.StandardJMeterEngine: Starting ThreadGroup: 1 : Thread Group
2023-04-19 16:17:16,781 INFO o.a.j.e.StandardJMeterEngine: Starting 15 threads for group Thread Group.
2023-04-19 16:17:16,782 INFO o.a.j.e.StandardJMeterEngine: Thread will continue on error
2023-04-19 16:17:16,782 INFO o.a.j.t.ThreadGroup: Starting thread group... number=1 threads=15 ramp-up=1 delayedStart=false
2023-04-19 16:17:16,785 INFO o.a.j.t.JMeterThread: Thread started: Thread Group 1-1
2023-04-19 16:17:16,789 INFO o.a.j.t.JMeterThread: Thread is done: Thread Group 1-1
2023-04-19 16:17:16,790 INFO o.a.j.t.JMeterThread: Thread finished: Thread Group 1-1
2023-04-19 16:17:16,804 INFO o.a.j.t.ThreadGroup: Started thread group number 1
2023-04-19 16:17:16,804 INFO o.a.j.e.StandardJMeterEngine: All thread groups have been started
2023-04-19 16:17:16,852 INFO o.a.j.t.JMeterThread: Thread started: Thread Group 1-2
2023-04-19 16:17:16,854 INFO o.a.j.t.JMeterThread: Thread is done: Thread Group 1-2
2023-04-19 16:17:16,854 INFO o.a.j.t.JMeterThread: Thread finished: Thread Group 1-2
2023-04-19 16:17:16,918 INFO o.a.j.t.JMeterThread: Thread started: Thread Group 1-3
2023-04-19 16:17:16,920 INFO o.a.j.t.JMeterThread: Thread is done: Thread Group 1-3
2023-04-19 16:17:16,920 INFO o.a.j.t.JMeterThread: Thread finished: Thread Group 1-3
2023-04-19 16:17:16,987 INFO o.a.j.t.JMeterThread: Thread started: Thread Group 1-4
2023-04-19 16:17:16,988 INFO o.a.j.t.JMeterThread: Thread is done: Thread Group 1-4
2023-04-19 16:17:16,988 INFO o.a.j.t.JMeterThread: Thread finished: Thread Group 1-4
2023-04-19 16:17:17,053 INFO o.a.j.t.JMeterThread: Thread started: Thread Group 1-5
2023-04-19 16:17:17,057 INFO o.a.j.t.JMeterThread: Thread is done: Thread Group 1-5
2023-04-19 16:17:17,057 INFO o.a.j.t.JMeterThread: Thread finished: Thread Group 1-5
2023-04-19 16:17:17,121 INFO o.a.j.t.JMeterThread: Thread started: Thread Group 1-6
2023-04-19 16:17:17,126 INFO o.a.j.t.JMeterThread: Thread is done: Thread Group 1-6
2023-04-19 16:17:17,126 INFO o.a.j.t.JMeterThread: Thread finished: Thread Group 1-6
2023-04-19 16:17:17,187 INFO o.a.j.t.JMeterThread: Thread started: Thread Group 1-7
2023-04-19 16:17:17,190 INFO o.a.j.t.JMeterThread: Thread is done: Thread Group 1-7
2023-04-19 16:17:17,191 INFO o.a.j.t.JMeterThread: Thread finished: Thread Group 1-7
2023-04-19 16:17:17,255 INFO o.a.j.t.JMeterThread: Thread started: Thread Group 1-8
2023-04-19 16:17:17,258 INFO o.a.j.t.JMeterThread: Thread is done: Thread Group 1-8
2023-04-19 16:17:17,259 INFO o.a.j.t.JMeterThread: Thread finished: Thread Group 1-8
2023-04-19 16:17:17,321 INFO o.a.j.t.JMeterThread: Thread started: Thread Group 1-9
2023-04-19 16:17:17,325 INFO o.a.j.t.JMeterThread: Thread is done: Thread Group 1-9
2023-04-19 16:17:17,326 INFO o.a.j.t.JMeterThread: Thread finished: Thread Group 1-9
2023-04-19 16:17:17,389 INFO o.a.j.t.JMeterThread: Thread started: Thread Group 1-10
2023-04-19 16:17:17,391 INFO o.a.j.t.JMeterThread: Thread is done: Thread Group 1-10
2023-04-19 16:17:17,391 INFO o.a.j.t.JMeterThread: Thread finished: Thread Group 1-10
2023-04-19 16:17:17,458 INFO o.a.j.t.JMeterThread: Thread started: Thread Group 1-11
2023-04-19 16:17:17,461 INFO o.a.j.t.JMeterThread: Thread is done: Thread Group 1-11
2023-04-19 16:17:17,461 INFO o.a.j.t.JMeterThread: Thread finished: Thread Group 1-11
2023-04-19 16:17:17,523 INFO o.a.j.t.JMeterThread: Thread started: Thread Group 1-12
2023-04-19 16:17:17,526 INFO o.a.j.t.JMeterThread: Thread is done: Thread Group 1-12
2023-04-19 16:17:17,526 INFO o.a.j.t.JMeterThread: Thread finished: Thread Group 1-12
2023-04-19 16:17:17,592 INFO o.a.j.t.JMeterThread: Thread started: Thread Group 1-13
2023-04-19 16:17:17,594 INFO o.a.j.t.JMeterThread: Thread is done: Thread Group 1-13
2023-04-19 16:17:17,595 INFO o.a.j.t.JMeterThread: Thread finished: Thread Group 1-13
2023-04-19 16:17:17,656 INFO o.a.j.t.JMeterThread: Thread started: Thread Group 1-14
2023-04-19 16:17:17,658 INFO o.a.j.t.JMeterThread: Thread is done: Thread Group 1-14
2023-04-19 16:17:17,658 INFO o.a.j.t.JMeterThread: Thread finished: Thread Group 1-14
2023-04-19 16:17:17,723 INFO o.a.j.t.JMeterThread: Thread started: Thread Group 1-15
2023-04-19 16:17:17,725 INFO o.a.j.t.JMeterThread: Thread is done: Thread Group 1-15
2023-04-19 16:17:17,725 INFO o.a.j.t.JMeterThread: Thread finished: Thread Group 1-15
2023-04-19 16:17:17,725 INFO o.a.j.e.StandardJMeterEngine: Notifying test listeners of end of test
2023-04-19 16:17:17,725 INFO o.a.j.g.u.JMeterMenuBar: setRunning(false, *local*)
